[09:28:33] [ServerMain/INFO]: [bootstrap] Running Java 21 (OpenJDK 64-Bit Server VM 21.0.3+9-LTS; Microsoft Microsoft-9388422) on Linux 6.5.0-1022-azure (amd64)
[09:28:33] [ServerMain/INFO]: [bootstrap] Loading Paper 1.21-109-master@5a5035b (2024-07-23T08:16:30Z) for Minecraft 1.21
[09:28:34] [ServerMain/INFO]: [PluginInitializerManager] Initializing plugins...
[09:28:34] [ServerMain/INFO]: [FileProviderSource] The spark plugin will not be loaded as this server bundles the spark profiler.
[09:28:34] [ServerMain/INFO]: [PluginInitializerManager] Initialized 2 plugins
[09:28:34] [ServerMain/INFO]: [PluginInitializerManager] Bukkit plugins (2):
 - TabListPing (1.06), TreeFeller (1.24.1)
[09:28:38] [ServerMain/INFO]: Environment: Environment[sessionHost=https://sessionserver.mojang.com, servicesHost=https://api.minecraftservices.com, name=PROD]
[09:28:40] [ServerMain/INFO]: Loaded 1290 recipes
[09:28:41] [ServerMain/INFO]: Loaded 1399 advancements
[09:28:41] [Server thread/INFO]: Starting minecraft server version 1.21
[09:28:41] [Server thread/INFO]: Loading properties
[09:28:41] [Server thread/INFO]: This server is running Paper version 1.21-109-master@5a5035b (2024-07-23T08:16:30Z) (Implementing API version 1.21-R0.1-SNAPSHOT)
[09:28:42] [Server thread/INFO]: [spark] This server bundles the spark profiler. For more information please visit https://docs.papermc.io/paper/profiling
[09:28:42] [Server thread/INFO]: Server Ping Player Sample Count: 12
[09:28:42] [Server thread/INFO]: Using 4 threads for Netty based IO
[09:28:42] [Server thread/INFO]: [ChunkTaskScheduler] Chunk system is using 1 I/O threads, 1 worker threads, and population gen parallelism of 1 threads
[09:28:43] [Server thread/INFO]: Default game type: SURVIVAL
[09:28:43] [Server thread/INFO]: Generating keypair
[09:28:43] [Server thread/INFO]: Starting Minecraft server on *:25565
[09:28:43] [Server thread/INFO]: Using epoll channel type
[09:28:43] [Server thread/INFO]: Paper: Using libdeflate (Linux x86_64) compression from Velocity.
[09:28:43] [Server thread/INFO]: Paper: Using OpenSSL 1.1.x (Linux x86_64) cipher from Velocity.
[09:28:43] [Server thread/INFO]: [TabListPing] Loading server plugin TabListPing v1.06
[09:28:43] [Server thread/INFO]: [TreeFeller] Loading server plugin TreeFeller v1.24.1
[09:28:43] [Server thread/INFO]: Server permissions file permissions.yml is empty, ignoring it
[09:28:43] [Server thread/WARN]: **** SERVER IS RUNNING IN OFFLINE/INSECURE MODE!
[09:28:43] [Server thread/WARN]: The server will make no attempt to authenticate usernames. Beware.
[09:28:43] [Server thread/WARN]: While this makes the game possible to play without internet access, it also opens up the ability for hackers to connect with any username they choose.
[09:28:43] [Server thread/WARN]: To change this, set "online-mode" to "true" in the server.properties file.
[09:28:43] [Server thread/INFO]: Preparing level "world"
[09:28:44] [Server thread/INFO]: Preparing start region for dimension minecraft:overworld
[09:28:45] [Server thread/INFO]: Time elapsed: 912 ms
[09:28:45] [Server thread/INFO]: Preparing start region for dimension minecraft:the_nether
[09:28:45] [Server thread/INFO]: Time elapsed: 296 ms
[09:28:45] [Server thread/INFO]: Preparing start region for dimension minecraft:the_end
[09:28:45] [Server thread/INFO]: Time elapsed: 192 ms
[09:28:45] [Server thread/INFO]: [TabListPing] Enabling TabListPing v1.06
[09:28:45] [Server thread/INFO]: [TabListPing] Detected 1.21, using net.minecraft.network.protocol.common.ClientboundKeepAlivePacket & net.minecraft.network.protocol.common.ServerboundKeepAlivePacket
[09:28:45] [Server thread/INFO]: [TabListPing] Metrics enabled if allowed by plugins/bStats/config.yml
[09:28:45] [Server thread/INFO]: [TreeFeller] Enabling TreeFeller v1.24.1
[09:28:45] [Server thread/INFO]: [TreeFeller] TreeFeller has been enabled! (Version 1.24.1) by ThizThizzyDizzy
[09:28:46] [Server thread/INFO]: [TreeFeller] Server version: 1.21-R0.1-SNAPSHOT
[09:28:46] [Server thread/INFO]: [TreeFeller] Loaded global values:
[09:28:46] [Server thread/INFO]: [TreeFeller] - Startup Logs: true
[09:28:46] [Server thread/INFO]: [TreeFeller] - Default Enabled: true
[09:28:46] [Server thread/INFO]: [TreeFeller] - Scan Distance: 256
[09:28:46] [Server thread/INFO]: [TreeFeller] - Leaf Detect Range: 6
[09:28:46] [Server thread/INFO]: [TreeFeller] - Leaf Break Range: 6
[09:28:46] [Server thread/INFO]: [TreeFeller] - Required Logs: 4
[09:28:46] [Server thread/INFO]: [TreeFeller] - Required Leaves: 10
[09:28:46] [Server thread/INFO]: [TreeFeller] - Max Logs: 250
[09:28:46] [Server thread/INFO]: [TreeFeller] - Max Height: 5
[09:28:46] [Server thread/INFO]: [TreeFeller] - Allow Partial: false
[09:28:46] [Server thread/INFO]: [TreeFeller] - Allow Partial Tool: false
[09:28:46] [Server thread/INFO]: [TreeFeller] - Player Leaves: false
[09:28:46] [Server thread/INFO]: [TreeFeller] - Diagonal Leaves: false
[09:28:46] [Server thread/INFO]: [TreeFeller] - Ignore Leaf Data: false
[09:28:46] [Server thread/INFO]: [TreeFeller] - Require Cross Section: false
[09:28:46] [Server thread/INFO]: [TreeFeller] - Force Distance Check: false
[09:28:46] [Server thread/INFO]: [TreeFeller] - Decorations: [snow, vines, cocoa, weeping vines, moss]
[09:28:46] [Server thread/INFO]: [TreeFeller] - Max Horizontal Trunk Pillar Length: 6
[09:28:46] [Server thread/INFO]: [TreeFeller] - Min Vertical Log Ratio: 0.5
[09:28:46] [Server thread/INFO]: [TreeFeller] - Cutting Animation: false
[09:28:46] [Server thread/INFO]: [TreeFeller] - Anim Delay: 1
[09:28:46] [Server thread/INFO]: [TreeFeller] - Replant Saplings: false
[09:28:46] [Server thread/INFO]: [TreeFeller] - Use Tree Saplings: true
[09:28:46] [Server thread/INFO]: [TreeFeller] - Use Inventory Saplings: false
[09:28:46] [Server thread/INFO]: [TreeFeller] - Spawn Saplings: 0
[09:28:46] [Server thread/INFO]: [TreeFeller] - Sapling Timeout: 50
[09:28:46] [Server thread/INFO]: [TreeFeller] - Grass: [DIRT, GRASS_BLOCK, PODZOL]
[09:28:46] [Server thread/INFO]: [TreeFeller] - Root Distance: 6
[09:28:46] [Server thread/INFO]: [TreeFeller] - Log Behavior: BREAK
[09:28:46] [Server thread/INFO]: [TreeFeller] - Leaf Behavior: BREAK
[09:28:46] [Server thread/INFO]: [TreeFeller] - Fall Hurt Amount: 2.0
[09:28:46] [Server thread/INFO]: [TreeFeller] - Fall Hurt Max: 40
[09:28:46] [Server thread/INFO]: [TreeFeller] - Directional Fall Behavior: RANDOM
[09:28:46] [Server thread/INFO]: [TreeFeller] - Overridables: [TALL_GRASS, LARGE_FERN, SEAGRASS, WATER, CAVE_AIR, TALL_SEAGRASS, AIR, FERN]
[09:28:46] [Server thread/INFO]: [TreeFeller] - Lock Fall Cardinal: false
[09:28:46] [Server thread/INFO]: [TreeFeller] - Directional Fall Velocity: 0.35
[09:28:46] [Server thread/INFO]: [TreeFeller] - Vertical Fall Velocity: 0.05
[09:28:46] [Server thread/INFO]: [TreeFeller] - Explosive Fall Velocity: 0.0
[09:28:46] [Server thread/INFO]: [TreeFeller] - Random Fall Velocity: 0.0
[09:28:46] [Server thread/INFO]: [TreeFeller] - Fall Delay: 0
[09:28:46] [Server thread/INFO]: [TreeFeller] - Respect Unbreaking: true
[09:28:46] [Server thread/INFO]: [TreeFeller] - Respect Unbreakable: true
[09:28:46] [Server thread/INFO]: [TreeFeller] - Damage Mult: 1.0
[09:28:46] [Server thread/INFO]: [TreeFeller] - Stacked Tools: false
[09:28:46] [Server thread/INFO]: [TreeFeller] - Leaf Fortune: true
[09:28:46] [Server thread/INFO]: [TreeFeller] - Leaf Silk Touch: false
[09:28:46] [Server thread/INFO]: [TreeFeller] - Log Fortune: true
[09:28:46] [Server thread/INFO]: [TreeFeller] - Log Silk Touch: true
[09:28:46] [Server thread/INFO]: [TreeFeller] - Leave Stump: false
[09:28:46] [Server thread/INFO]: [TreeFeller] - Rotate Logs: true
[09:28:46] [Server thread/INFO]: [TreeFeller] - Drop Conversions: {DARK_OAK_WOOD=DARK_OAK_LOG, JUNGLE_WOOD=JUNGLE_LOG, CRIMSON_HYPHAE=CRIMSON_STEM, SPRUCE_WOOD=SPRUCE_LOG, BIRCH_WOOD=BIRCH_LOG, OAK_WOOD=OAK_LOG, ACACIA_WOOD=ACACIA_LOG, WARPED_HYPHAE=WARPED_STEM}
[09:28:46] [Server thread/INFO]: [TreeFeller] - Leaf Drop Chance: 1.0
[09:28:46] [Server thread/INFO]: [TreeFeller] - Log Drop Chance: 1.0
[09:28:46] [Server thread/INFO]: [TreeFeller] - Effects: []
[09:28:46] [Server thread/INFO]: [TreeFeller] - Consumed Food Base: 0.0
[09:28:46] [Server thread/INFO]: [TreeFeller] - Consumed Food Logs: 0.0
[09:28:46] [Server thread/INFO]: [TreeFeller] - Consumed Food Leaves: 0.0
[09:28:46] [Server thread/INFO]: [TreeFeller] - Consumed Health Base: 0.0
[09:28:46] [Server thread/INFO]: [TreeFeller] - Consumed Health Logs: 0.0
[09:28:46] [Server thread/INFO]: [TreeFeller] - Consumed Health Leaves: 0.0
[09:28:46] [Server thread/INFO]: [TreeFeller] - Prevent Breakage: false
[09:28:46] [Server thread/INFO]: [TreeFeller] - Enable Adventure: false
[09:28:46] [Server thread/INFO]: [TreeFeller] - Enable Survival: true
[09:28:46] [Server thread/INFO]: [TreeFeller] - Enable Creative: false
[09:28:46] [Server thread/INFO]: [TreeFeller] - With Sneak: false
[09:28:46] [Server thread/INFO]: [TreeFeller] - Without Sneak: true
[09:28:46] [Server thread/INFO]: [TreeFeller] - World Blacklist: false
[09:28:46] [Server thread/INFO]: [TreeFeller] - Cascade: false
[09:28:46] [Server thread/INFO]: [TreeFeller] - Parallel Cascade Limit: 1
[09:28:46] [Server thread/INFO]: [TreeFeller] - Cascade Check Limit: 64
[09:28:46] [Server thread/INFO]: [TreeFeller] - MMOCore Trunk XP: {woodcutting=1.0}
[09:28:46] [Server thread/INFO]: [TreeFeller] - MMOCore Leaves XP: {woodcutting=0.0}
[09:28:46] [Server thread/INFO]: [TreeFeller] - MMOCore Tree XP: {woodcutting=0.0}
[09:28:46] [Server thread/INFO]: [TreeFeller] - MMOCore Emulate Regen: false
[09:28:46] [Server thread/INFO]: [TreeFeller] - Compatibility MMOCore: true
[09:28:46] [Server thread/INFO]: [TreeFeller] - Compatibility Jobs: true
[09:28:46] [Server thread/INFO]: [TreeFeller] - MCMMO Double Drops: true
[09:28:46] [Server thread/INFO]: [TreeFeller] - Compatibility mcMMO: true
[09:28:46] [Server thread/INFO]: [TreeFeller] - Compatibility mcMMO Classic: true
[09:28:46] [Server thread/INFO]: [TreeFeller] - Compatibility CoreProtect: true
[09:28:46] [Server thread/INFO]: [TreeFeller] - Compatibility WorldGuard: true
[09:28:46] [Server thread/INFO]: [TreeFeller] - Compatibility GriefPrevention: true
[09:28:46] [Server thread/INFO]: [TreeFeller] - Compatibility Towny: true
[09:28:46] [Server thread/INFO]: [TreeFeller] - OreRegenerator Regen Delay: 1200
[09:28:46] [Server thread/INFO]: [TreeFeller] - Compatibility OreRegenerator: false
[09:28:46] [Server thread/INFO]: [TreeFeller] - Compatibility Drop2Inventory: true
[09:28:46] [Server thread/INFO]: [TreeFeller] - EcoSkills Trunk XP: {Woodcutting=1.0}
[09:28:46] [Server thread/INFO]: [TreeFeller] - EcoSkills Leaves XP: {woodcutting=0.0}
[09:28:46] [Server thread/INFO]: [TreeFeller] - EcoSkills Tree XP: {woodcutting=0.0}
[09:28:46] [Server thread/INFO]: [TreeFeller] - Compatibility EcoSkills: true
[09:28:46] [Server thread/INFO]: [TreeFeller] - EcoJobs Apply Multipliers: true
[09:28:46] [Server thread/INFO]: [TreeFeller] - Compatibility EcoJobs: true
[09:28:46] [Server thread/INFO]: [TreeFeller] - Compatibility LogBlock Legacy: false
[09:28:46] [Server thread/INFO]: [TreeFeller] - Compatibility LogBlock: true
[09:28:46] [Server thread/INFO]: [TreeFeller] - Compatibility Lands: true
[09:28:46] [Server thread/INFO]: [TreeFeller] - Compatibility PlaceholderAPI: true
[09:28:46] [Server thread/INFO]: [TreeFeller] - Compatibility SaberFactions: true
[09:28:46] [Server thread/INFO]: [TreeFeller] - AureliumSkills Trunk XP: {foraging=1.0}
[09:28:46] [Server thread/INFO]: [TreeFeller] - AureliumSkills Leaves XP: {foraging=0.0}
[09:28:46] [Server thread/INFO]: [TreeFeller] - AureliumSkills Apply Modifiers: true
[09:28:46] [Server thread/INFO]: [TreeFeller] - Compatibility AureliumSkills: true
[09:28:46] [Server thread/INFO]: [TreeFeller] - Compatibility BlockRegen: false
[09:28:46] [Server thread/INFO]: [TreeFeller] - Compatibility Prism: true
[09:28:46] [Server thread/INFO]: [TreeFeller] Loaded Tree!
[09:28:46] [Server thread/INFO]: [TreeFeller] - Trunk: OAK_LOG, OAK_WOOD
[09:28:46] [Server thread/INFO]: [TreeFeller] - Leaves: OAK_LEAVES
[09:28:46] [Server thread/INFO]: [TreeFeller] - Sapling: [OAK_SAPLING]
[09:28:46] [Server thread/INFO]: [TreeFeller] - Max Saplings: 1
[09:28:46] [Server thread/INFO]: [TreeFeller] Loaded Tree!
[09:28:46] [Server thread/INFO]: [TreeFeller] - Trunk: BIRCH_LOG, BIRCH_WOOD
[09:28:46] [Server thread/INFO]: [TreeFeller] - Leaves: BIRCH_LEAVES
[09:28:46] [Server thread/INFO]: [TreeFeller] - Sapling: [BIRCH_SAPLING]
[09:28:46] [Server thread/INFO]: [TreeFeller] - Max Saplings: 1
[09:28:46] [Server thread/INFO]: [TreeFeller] Loaded Tree!
[09:28:46] [Server thread/INFO]: [TreeFeller] - Trunk: SPRUCE_LOG, SPRUCE_WOOD
[09:28:46] [Server thread/INFO]: [TreeFeller] - Leaves: SPRUCE_LEAVES
[09:28:46] [Server thread/INFO]: [TreeFeller] - Sapling: [SPRUCE_SAPLING]
[09:28:46] [Server thread/INFO]: [TreeFeller] - Max Saplings: 4
[09:28:46] [Server thread/INFO]: [TreeFeller] Loaded Tree!
[09:28:46] [Server thread/INFO]: [TreeFeller] - Trunk: JUNGLE_LOG, JUNGLE_WOOD
[09:28:46] [Server thread/INFO]: [TreeFeller] - Leaves: JUNGLE_LEAVES
[09:28:46] [Server thread/INFO]: [TreeFeller] - Sapling: [JUNGLE_SAPLING]
[09:28:46] [Server thread/INFO]: [TreeFeller] - Max Saplings: 4
[09:28:46] [Server thread/INFO]: [TreeFeller] Loaded Tree!
[09:28:46] [Server thread/INFO]: [TreeFeller] - Trunk: DARK_OAK_LOG, DARK_OAK_WOOD
[09:28:46] [Server thread/INFO]: [TreeFeller] - Leaves: DARK_OAK_LEAVES
[09:28:46] [Server thread/INFO]: [TreeFeller] - Sapling: [DARK_OAK_SAPLING]
[09:28:46] [Server thread/INFO]: [TreeFeller] - Max Saplings: 4
[09:28:46] [Server thread/INFO]: [TreeFeller] Loaded Tree!
[09:28:46] [Server thread/INFO]: [TreeFeller] - Trunk: ACACIA_LOG, ACACIA_WOOD
[09:28:46] [Server thread/INFO]: [TreeFeller] - Leaves: ACACIA_LEAVES
[09:28:46] [Server thread/INFO]: [TreeFeller] - Sapling: [ACACIA_SAPLING]
[09:28:46] [Server thread/INFO]: [TreeFeller] - Max Saplings: 1
[09:28:46] [Server thread/INFO]: [TreeFeller] Loaded Tree!
[09:28:46] [Server thread/INFO]: [TreeFeller] - Trunk: OAK_LOG, OAK_WOOD
[09:28:46] [Server thread/INFO]: [TreeFeller] - Leaves: AZALEA_LEAVES, FLOWERING_AZALEA_LEAVES
[09:28:46] [Server thread/INFO]: [TreeFeller] - Diagonal Leaves: true
[09:28:46] [Server thread/INFO]: [TreeFeller] - Sapling: [AZALEA, FLOWERING_AZALEA]
[09:28:46] [Server thread/INFO]: [TreeFeller] - Max Saplings: 1
[09:28:46] [Server thread/INFO]: [TreeFeller] Loaded Tree!
[09:28:46] [Server thread/INFO]: [TreeFeller] - Trunk: MANGROVE_LOG, MANGROVE_WOOD
[09:28:46] [Server thread/INFO]: [TreeFeller] - Leaves: MANGROVE_ROOTS, MANGROVE_LEAVES
[09:28:46] [Server thread/INFO]: [TreeFeller] - Leaf Detect Range: 16
[09:28:46] [Server thread/INFO]: [TreeFeller] - Leaf Break Range: 16
[09:28:46] [Server thread/INFO]: [TreeFeller] - Required Logs: 3
[09:28:46] [Server thread/INFO]: [TreeFeller] - Diagonal Leaves: true
[09:28:46] [Server thread/INFO]: [TreeFeller] - Max Horizontal Trunk Pillar Length: 16
[09:28:46] [Server thread/INFO]: [TreeFeller] - Max Trunks: 16
[09:28:46] [Server thread/INFO]: [TreeFeller] - Sapling: [MANGROVE_PROPAGULE]
[09:28:46] [Server thread/INFO]: [TreeFeller] - Max Saplings: 1
[09:28:46] [Server thread/INFO]: [TreeFeller] - Roots: [MANGROVE_ROOTS]
[09:28:46] [Server thread/INFO]: [TreeFeller] - Root Distance: 16
[09:28:46] [Server thread/INFO]: [TreeFeller] Loaded Tree!
[09:28:46] [Server thread/INFO]: [TreeFeller] - Trunk: CHERRY_LOG, CHERRY_WOOD
[09:28:46] [Server thread/INFO]: [TreeFeller] - Leaves: CHERRY_LEAVES
[09:28:46] [Server thread/INFO]: [TreeFeller] - Sapling: [CHERRY_SAPLING]
[09:28:46] [Server thread/INFO]: [TreeFeller] - Max Saplings: 1
[09:28:46] [Server thread/INFO]: [TreeFeller] Loaded Tree!
[09:28:46] [Server thread/INFO]: [TreeFeller] - Trunk: CRIMSON_STEM, CRIMSON_HYPHAE
[09:28:46] [Server thread/INFO]: [TreeFeller] - Leaves: NETHER_WART_BLOCK, SHROOMLIGHT
[09:28:46] [Server thread/INFO]: [TreeFeller] - Leaf Detect Range: 8
[09:28:46] [Server thread/INFO]: [TreeFeller] - Leaf Break Range: 8
[09:28:46] [Server thread/INFO]: [TreeFeller] - Diagonal Leaves: true
[09:28:46] [Server thread/INFO]: [TreeFeller] - Sapling: [CRIMSON_FUNGUS]
[09:28:46] [Server thread/INFO]: [TreeFeller] - Max Saplings: 1
[09:28:46] [Server thread/INFO]: [TreeFeller] - Grass: [CRIMSON_NYLIUM]
[09:28:46] [Server thread/INFO]: [TreeFeller] Loaded Tree!
[09:28:46] [Server thread/INFO]: [TreeFeller] - Trunk: WARPED_STEM, WARPED_HYPHAE
[09:28:46] [Server thread/INFO]: [TreeFeller] - Leaves: WARPED_WART_BLOCK, SHROOMLIGHT
[09:28:46] [Server thread/INFO]: [TreeFeller] - Leaf Detect Range: 8
[09:28:46] [Server thread/INFO]: [TreeFeller] - Leaf Break Range: 8
[09:28:46] [Server thread/INFO]: [TreeFeller] - Diagonal Leaves: true
[09:28:46] [Server thread/INFO]: [TreeFeller] - Sapling: [WARPED_FUNGUS]
[09:28:46] [Server thread/INFO]: [TreeFeller] - Max Saplings: 1
[09:28:46] [Server thread/INFO]: [TreeFeller] - Grass: [WARPED_NYLIUM]
[09:28:46] [Server thread/INFO]: [TreeFeller] Loaded tool: WOODEN_AXE
[09:28:46] [Server thread/INFO]: [TreeFeller] Loaded tool: STONE_AXE
[09:28:46] [Server thread/INFO]: [TreeFeller] Loaded tool: IRON_AXE
[09:28:46] [Server thread/INFO]: [TreeFeller] Loaded tool: GOLDEN_AXE
[09:28:46] [Server thread/INFO]: [TreeFeller] Loaded tool: DIAMOND_AXE
[09:28:46] [Server thread/INFO]: [TreeFeller] Loaded tool: NETHERITE_AXE
[09:28:46] [Server thread/INFO]: [spark] Starting background profiler...
[09:28:47] [Server thread/INFO]: Done preparing level "world" (3.852s)
[09:28:47] [Server thread/INFO]: Running delayed init tasks
[09:28:47] [Server thread/INFO]: Done (15.097s)! For help, type "help"
[09:28:47] [Server thread/INFO]: Timings Reset
[09:32:43] [User Authenticator #0/INFO]: UUID of player Kaissad is bc7d7e55-63c0-3830-a990-e8a3e0b04a03
[09:32:45] [Server thread/INFO]: Kaissad joined the game
[09:32:45] [Server thread/INFO]: Kaissad[/127.149.79.84:55431] logged in with entity id 1 at ([world_the_end]246.74444012796368, 74.0, 0.6020862928169972)
[09:37:14] [Server thread/INFO]: Kaissad lost connection: Disconnected
[09:37:14] [Server thread/INFO]: Kaissad left the game
[09:37:26] [User Authenticator #1/INFO]: UUID of player Kaissad is bc7d7e55-63c0-3830-a990-e8a3e0b04a03
[09:37:27] [Server thread/INFO]: Kaissad joined the game
[09:37:27] [Server thread/INFO]: Kaissad[/127.48.158.83:35337] logged in with entity id 162 at ([world_the_end]240.9833966994554, 48.5, -0.5401033000515417)
[10:46:23] [User Authenticator #2/INFO]: UUID of player TrachDuong is 0cbf7c9d-2df3-32ae-b9f0-a730f13e0afa
[10:46:26] [Server thread/INFO]: TrachDuong joined the game
[10:46:26] [Server thread/INFO]: TrachDuong[/127.151.225.69:37787] logged in with entity id 31213 at ([world]-1972.5033972469798, 69.0, 651.9133603220118)
[10:47:06] [Async Chat Thread - #0/INFO]: [Not Secure] <TrachDuong> keo dan lang qua ak og
[10:47:14] [Async Chat Thread - #0/INFO]: [Not Secure] <Kaissad> chx
[10:47:18] [Async Chat Thread - #0/INFO]: [Not Secure] <Kaissad> da xay xog dau ;-;
[10:47:29] [Async Chat Thread - #0/INFO]: [Not Secure] <TrachDuong> :v
[10:47:39] [Async Chat Thread - #0/INFO]: [Not Secure] <Kaissad> mới cái móng thôi
[10:47:49] [Async Chat Thread - #0/INFO]: [Not Secure] <TrachDuong> giờ lấp móng vào ak
[10:48:09] [Async Chat Thread - #0/INFO]: [Not Secure] <Kaissad> go ngoai kia og
[10:48:20] [Async Chat Thread - #0/INFO]: [Not Secure] <TrachDuong> tui doi go chut
[10:48:36] [Async Chat Thread - #1/INFO]: [Not Secure] <TrachDuong> tui lo farm hoi nhieu go hong roi
[10:48:37] [Async Chat Thread - #1/INFO]: [Not Secure] <Kaissad> tui ko cam go trong ng
[10:48:44] [Async Chat Thread - #1/INFO]: [Not Secure] <Kaissad> :V
[10:48:50] [Async Chat Thread - #1/INFO]: [Not Secure] <Kaissad> v cai ds de tui lam cai khac
[10:48:53] [Async Chat Thread - #1/INFO]: [Not Secure] <Kaissad> og cu de ds
[10:48:54] [Async Chat Thread - #1/INFO]: [Not Secure] <TrachDuong> de tui thay lai cho
[10:49:01] [Async Chat Thread - #1/INFO]: [Not Secure] <Kaissad> no ;-;
[10:49:03] [Async Chat Thread - #1/INFO]: [Not Secure] <TrachDuong> ://
[10:49:04] [Async Chat Thread - #1/INFO]: [Not Secure] <Kaissad> dung mak
[10:49:16] [Async Chat Thread - #1/INFO]: [Not Secure] <Kaissad> gỗ đây cho trang nghiêm 1 tý
[10:49:33] [Async Chat Thread - #1/INFO]: [Not Secure] <TrachDuong> slave khong can trang nghiem qua dau og ;-;
[10:55:32] [Async Chat Thread - #2/INFO]: [Not Secure] <Kaissad> duoi nay lam cai gi h nhi
[10:55:53] [Async Chat Thread - #2/INFO]: [Not Secure] <TrachDuong> chac dung emeral vs khoang san
[10:56:12] [Async Chat Thread - #2/INFO]: [Not Secure] <Kaissad> kho ak
[10:56:15] [Async Chat Thread - #2/INFO]: [Not Secure] <TrachDuong> yep
[10:56:19] [Async Chat Thread - #2/INFO]: [Not Secure] <TrachDuong> chu khong le de o ngoai do mai
[10:56:25] [Async Chat Thread - #2/INFO]: [Not Secure] <Kaissad> ok
[10:59:56] [Async Chat Thread - #4/INFO]: [Not Secure] <TrachDuong> bruh
[10:59:57] [Async Chat Thread - #4/INFO]: [Not Secure] <TrachDuong> bruh
[10:59:59] [Async Chat Thread - #4/INFO]: [Not Secure] <TrachDuong> bruh
[11:00:03] [Async Chat Thread - #4/INFO]: [Not Secure] <Kaissad> ha
[11:00:26] [Async Chat Thread - #4/INFO]: [Not Secure] <TrachDuong> ti thi chay nha og ;-;
[11:00:30] [Async Chat Thread - #4/INFO]: [Not Secure] <TrachDuong> cai lava duoi nha
[11:00:33] [Async Chat Thread - #4/INFO]: [Not Secure] <Kaissad> ua set danh ak ;-;
[11:01:33] [Async Chat Thread - #6/INFO]: [Not Secure] <TrachDuong> lap tren mai lai luon kh og
[11:02:20] [Async Chat Thread - #6/INFO]: [Not Secure] <TrachDuong> vua chay goc do day ;-;
[11:05:38] [Async Chat Thread - #8/INFO]: [Not Secure] <Kaissad> go hong dau het r og
[11:11:02] [Async Chat Thread - #10/INFO]: [Not Secure] <TrachDuong> bruh
[11:11:06] [Async Chat Thread - #10/INFO]: [Not Secure] <TrachDuong> nha chua xay xong thi cuop den r
[11:11:20] [Server thread/INFO]: Kaissad has made the advancement [Voluntary Exile]
[11:11:36] [Async Chat Thread - #10/INFO]: [Not Secure] <Kaissad> xay xong nha cho dan lang mik xu cuop sau
[11:11:45] [Async Chat Thread - #10/INFO]: [Not Secure] <TrachDuong> farm ti totem
[11:11:55] [Async Chat Thread - #10/INFO]: [Not Secure] <TrachDuong> xay xong nha tui farm lv up giap da ;-;
[11:12:33] [Async Chat Thread - #10/INFO]: [Not Secure] <Kaissad> og xog phan kho cu di farm ik
[11:12:40] [Async Chat Thread - #10/INFO]: [Not Secure] <Kaissad> phan tren tui vua nghien cuu vua build
[11:18:13] [Async Chat Thread - #12/INFO]: [Not Secure] <Kaissad> dume
[11:18:17] [Async Chat Thread - #12/INFO]: [Not Secure] <TrachDuong> :?
[11:18:21] [Async Chat Thread - #12/INFO]: [Not Secure] <Kaissad> creper
[11:18:24] [Async Chat Thread - #12/INFO]: [Not Secure] <TrachDuong> :v
